<?xml version="1.0" encoding="UTF-8"?>
<testng-results ignored="0" total="3" passed="3" failed="0" skipped="0">
  <reporter-output>
  </reporter-output>
  <suite started-at="2024-09-04T15:11:17 IST" name="Suite" finished-at="2024-09-04T15:12:21 IST" duration-ms="64693">
    <groups>
    </groups>
    <test started-at="2024-09-04T15:11:17 IST" name="edge" finished-at="2024-09-04T15:12:11 IST" duration-ms="54117">
      <class name="TestClass.TestMethod">
        <test-method is-config="true" signature="setup(java.lang.String,java.lang.String)[pri:0, instance:TestClass.TestMethod@7776ab]" started-at="2024-09-04T15:11:17 IST" name="setup" finished-at="2024-09-04T15:11:29 IST" duration-ms="11938" status="PASS">
          <params>
            <param index="0">
              <value>
                <![CDATA[linux]]>
              </value>
            </param>
            <param index="1">
              <value>
                <![CDATA[edge]]>
              </value>
            </param>
          </params>
          <reporter-output>
          </reporter-output>
        </test-method> <!-- setup -->
        <test-method signature="test()[pri:0, instance:TestClass.TestMethod@7776ab]" started-at="2024-09-04T15:11:29 IST" name="test" finished-at="2024-09-04T15:12:10 IST" duration-ms="41678" status="PASS">
          <reporter-output>
          </reporter-output>
        </test-method> <!-- test -->
        <test-method is-config="true" signature="tear()[pri:0, instance:TestClass.TestMethod@7776ab]" started-at="2024-09-04T15:12:10 IST" name="tear" finished-at="2024-09-04T15:12:11 IST" duration-ms="417" status="PASS">
          <reporter-output>
          </reporter-output>
        </test-method> <!-- tear -->
      </class> <!-- TestClass.TestMethod -->
    </test> <!-- edge -->
    <test started-at="2024-09-04T15:11:17 IST" name="chrome" finished-at="2024-09-04T15:12:11 IST" duration-ms="54371">
      <class name="TestClass.TestMethod">
        <test-method is-config="true" signature="setup(java.lang.String,java.lang.String)[pri:0, instance:TestClass.TestMethod@539d019]" started-at="2024-09-04T15:11:17 IST" name="setup" finished-at="2024-09-04T15:11:27 IST" duration-ms="10420" status="PASS">
          <params>
            <param index="0">
              <value>
                <![CDATA[linux]]>
              </value>
            </param>
            <param index="1">
              <value>
                <![CDATA[chrome]]>
              </value>
            </param>
          </params>
          <reporter-output>
          </reporter-output>
        </test-method> <!-- setup -->
        <test-method signature="test()[pri:0, instance:TestClass.TestMethod@539d019]" started-at="2024-09-04T15:11:27 IST" name="test" finished-at="2024-09-04T15:12:11 IST" duration-ms="43460" status="PASS">
          <reporter-output>
          </reporter-output>
        </test-method> <!-- test -->
        <test-method is-config="true" signature="tear()[pri:0, instance:TestClass.TestMethod@539d019]" started-at="2024-09-04T15:12:11 IST" name="tear" finished-at="2024-09-04T15:12:11 IST" duration-ms="408" status="PASS">
          <reporter-output>
          </reporter-output>
        </test-method> <!-- tear -->
      </class> <!-- TestClass.TestMethod -->
    </test> <!-- chrome -->
    <test started-at="2024-09-04T15:11:17 IST" name="firefox" finished-at="2024-09-04T15:12:21 IST" duration-ms="64693">
      <class name="TestClass.TestMethod">
        <test-method is-config="true" signature="setup(java.lang.String,java.lang.String)[pri:0, instance:TestClass.TestMethod@1afdd473]" started-at="2024-09-04T15:11:17 IST" name="setup" finished-at="2024-09-04T15:11:43 IST" duration-ms="26363" status="PASS">
          <params>
            <param index="0">
              <value>
                <![CDATA[linux]]>
              </value>
            </param>
            <param index="1">
              <value>
                <![CDATA[firefox]]>
              </value>
            </param>
          </params>
          <reporter-output>
          </reporter-output>
        </test-method> <!-- setup -->
        <test-method signature="test()[pri:0, instance:TestClass.TestMethod@1afdd473]" started-at="2024-09-04T15:11:43 IST" name="test" finished-at="2024-09-04T15:12:19 IST" duration-ms="36313" status="PASS">
          <reporter-output>
          </reporter-output>
        </test-method> <!-- test -->
        <test-method is-config="true" signature="tear()[pri:0, instance:TestClass.TestMethod@1afdd473]" started-at="2024-09-04T15:12:19 IST" name="tear" finished-at="2024-09-04T15:12:21 IST" duration-ms="1938" status="PASS">
          <reporter-output>
          </reporter-output>
        </test-method> <!-- tear -->
      </class> <!-- TestClass.TestMethod -->
    </test> <!-- firefox -->
  </suite> <!-- Suite -->
</testng-results>
